* using log directory ‘/home/john/current/GSoC2021/improvenls/nlsj.Rcheck’
* using R version 4.1.0 (2021-05-18)
* using platform: x86_64-pc-linux-gnu (64-bit)
* using session charset: UTF-8
* using options ‘--no-manual --as-cran’
* checking for file ‘nlsj/DESCRIPTION’ ... OK
* checking extension type ... Package
* this is package ‘nlsj’ version ‘0.1.0’
* package encoding: UTF-8
* checking package namespace information ... OK
* checking package dependencies ... OK
* checking if this is a source package ... OK
* checking if there is a namespace ... OK
* checking for executable files ... OK
* checking for hidden files and directories ... OK
* checking for portable file names ... OK
* checking for sufficient/correct file permissions ... OK
* checking serialization versions ... OK
* checking whether package ‘nlsj’ can be installed ... OK
* checking installed package size ... OK
* checking package directory ... OK
* checking for future file timestamps ... OK
* checking DESCRIPTION meta-information ... OK
* checking top-level files ... OK
* checking for left-over files ... OK
* checking index information ... OK
* checking package subdirectories ... OK
* checking R files for non-ASCII characters ... OK
* checking R files for syntax errors ... OK
* checking whether the package can be loaded ... OK
* checking whether the package can be loaded with stated dependencies ... OK
* checking whether the package can be unloaded cleanly ... OK
* checking whether the namespace can be loaded with stated dependencies ... OK
* checking whether the namespace can be unloaded cleanly ... OK
* checking loading without being on the library search path ... OK
* checking dependencies in R code ... OK
* checking S3 generic/method consistency ... OK
* checking replacement functions ... OK
* checking foreign function calls ... OK
* checking R code for possible problems ... NOTE
logLik.nlsj: no visible global function definition for ‘%||%’
nlsj: no visible global function definition for ‘%||%’
nlsj: no visible global function definition for ‘<-<-’
nlsj: no visible binding for global variable ‘default’
nlsj: no visible global function definition for ‘nlsModelj’
nlsj: no visible binding for global variable ‘convInfo’
print.nlsj: no visible global function definition for
  ‘.p.nlsj.convInfo’
print.summary.nlsj: no visible global function definition for
  ‘.p.nlsj.convInfo’
Undefined global functions or variables:
  %||% .p.nlsj.convInfo <-<- convInfo default nlsModelj
* checking Rd files ... OK
* checking Rd metadata ... OK
* checking Rd line widths ... OK
* checking Rd cross-references ... OK
* checking for missing documentation entries ... WARNING
Undocumented code objects:
  ‘anova.nlsj’ ‘anovalist.nlsj’ ‘coef.nlsj’ ‘confint.nlsj’
  ‘deviance.nlsj’ ‘df.residual.nlsj’ ‘fitted.nlsj’ ‘formula.nlsj’
  ‘logLik.nlsj’ ‘nlsj’ ‘nlsjModel’ ‘nobs.nlsj’ ‘predict.nlsj’
  ‘print.nlsj’ ‘print.summary.nlsj’ ‘residuals.nlsj’ ‘summary.nlsj’
  ‘vcov.nlsj’ ‘weights.nlsj’
All user-level objects in a package should have documentation entries.
See chapter ‘Writing R documentation files’ in the ‘Writing R
Extensions’ manual.
* checking for code/documentation mismatches ... WARNING
Functions or methods with usage in documentation object 'getInitial' but not in code:
  ‘getInitial’

Functions or methods with usage in documentation object 'nls' but not in code:
  ‘nls’

Functions or methods with usage in documentation object 'nlsjModel' but not in code:
  ‘nls’

Functions or methods with usage in documentation object 'sortedXyData' but not in code:
  ‘sortedXyData’

* checking Rd \usage sections ... WARNING
Objects in \usage without \alias in documentation object 'nlsjModel':
  ‘nls’

Functions with \usage entries need to have the appropriate \alias
entries, and all their arguments documented.
The \usage entries must correspond to syntactically valid R code.
See chapter ‘Writing R documentation files’ in the ‘Writing R
Extensions’ manual.
* checking Rd contents ... OK
* checking for unstated dependencies in examples ... OK
* checking examples ... OK
* checking for unstated dependencies in ‘tests’ ... OK
* checking tests ... OK
  Running ‘nlsj.R’
* checking for non-standard things in the check directory ... OK
* checking for detritus in the temp directory ... OK
* DONE
Status: 3 WARNINGs, 1 NOTE
